<?xml version="1.0" encoding="UTF-8"?>
<!-- Generated by org.testng.reporters.JUnitXMLReporter -->
<testsuite ignored="0" hostname="SwarupKshatriya" failures="1" tests="6"
	name="Test" time="101.27" errors="0" timestamp="2024-04-21T23:15:18 EDT">
	<testcase classname="TestCases.TestRunCasesClass"
		name="TestCase01_Candela_EDI_850_Shipments_Pre_Validation_Report"
		time="7.562">
		<skipped />
	</testcase> <!--
	TestCase01_Candela_EDI_850_Shipments_Pre_Validation_Report -->
	<testcase classname="TestCases.TestRunCasesClass"
		name="TestCase02_Collections_Scoring_and_Strategy_Assignment"
		time="1.014">
		<skipped />
	</testcase> <!--
	TestCase02_Collections_Scoring_and_Strategy_Assignment -->
	<testcase classname="TestCases.TestRunCasesClass"
		name="TestCase03_Collections_Delinquency_Management" time="0.76">
		<skipped />
	</testcase> <!--
	TestCase03_Collections_Delinquency_Management -->
	<testcase classname="TestCases.TestRunCasesClass"
		name="TestCase04_Create_Receivables_Accounting" time="3.288">
		<skipped />
	</testcase> <!-- TestCase04_Create_Receivables_Accounting -->
	<testcase classname="TestCases.TestRunCasesClass"
		name="TestCase06_ProcessIDValidation" time="81.874">
		<failure type="org.openqa.selenium.NoSuchElementException"
			message="no such element: Unable to locate element: {&amp;quot;method&amp;quot;:&amp;quot;xpath&amp;quot;,&amp;quot;selector&amp;quot;:&amp;quot;//span[text()=&amp;apos;Candela EDI 850 Shipments Pre-Validation Report&amp;apos;]&amp;quot;}
  (Session info: chrome=123.0.6312.123)
For documentation on this error, please visit: https://selenium.dev/exceptions/#no_such_element
Build info: version: &amp;apos;4.6.0&amp;apos;, revision: &amp;apos;79f1c02ae20&amp;apos;
System info: os.name: &amp;apos;Windows 11&amp;apos;, os.arch: &amp;apos;amd64&amp;apos;, os.version: &amp;apos;10.0&amp;apos;, java.version: &amp;apos;17.0.9&amp;apos;
Driver info: org.openqa.selenium.chrome.ChromeDriver
Command: [fc0d89404be1bea016605a9472d6bde6, findElement {using=xpath, value=//span[text()=&amp;apos;Candela EDI 850 Shipments Pre-Validation Report&amp;apos;]}]
Capabilities {acceptInsecureCerts: false, browserName: chrome, browserVersion: 123.0.6312.123, chrome: {chromedriverVersion: 123.0.6312.122 (31f8248cdd9..., userDataDir: C:\Users\swaru\AppData\Loca...}, fedcm:accounts: true, goog:chromeOptions: {debuggerAddress: localhost:61520}, networkConnectionEnabled: false, pageLoadStrategy: normal, platformName: WINDOWS, proxy: Proxy(), se:cdp: ws://localhost:61520/devtoo..., se:cdpVersion: 123.0.6312.123, setWindowRect: true, strictFileInteractability: false, timeouts: {implicit: 0, pageLoad: 300000, script: 30000}, unhandledPromptBehavior: dismiss and notify, webauthn:extension:credBlob: true, webauthn:extension:largeBlob: true, webauthn:extension:minPinLength: true, webauthn:extension:prf: true, webauthn:virtualAuthenticators: true}
Session ID: fc0d89404be1bea016605a9472d6bde6">
      <![CDATA[org.openqa.selenium.NoSuchElementException: no such element: Unable to locate element: {"method":"xpath","selector":"//span[text()='Candela EDI 850 Shipments Pre-Validation Report']"}
  (Session info: chrome=123.0.6312.123)
For documentation on this error, please visit: https://selenium.dev/exceptions/#no_such_element
Build info: version: '4.6.0', revision: '79f1c02ae20'
System info: os.name: 'Windows 11', os.arch: 'amd64', os.version: '10.0', java.version: '17.0.9'
Driver info: org.openqa.selenium.chrome.ChromeDriver
Command: [fc0d89404be1bea016605a9472d6bde6, findElement {using=xpath, value=//span[text()='Candela EDI 850 Shipments Pre-Validation Report']}]
Capabilities {acceptInsecureCerts: false, browserName: chrome, browserVersion: 123.0.6312.123, chrome: {chromedriverVersion: 123.0.6312.122 (31f8248cdd9..., userDataDir: C:\Users\swaru\AppData\Loca...}, fedcm:accounts: true, goog:chromeOptions: {debuggerAddress: localhost:61520}, networkConnectionEnabled: false, pageLoadStrategy: normal, platformName: WINDOWS, proxy: Proxy(), se:cdp: ws://localhost:61520/devtoo..., se:cdpVersion: 123.0.6312.123, setWindowRect: true, strictFileInteractability: false, timeouts: {implicit: 0, pageLoad: 300000, script: 30000}, unhandledPromptBehavior: dismiss and notify, webauthn:extension:credBlob: true, webauthn:extension:largeBlob: true, webauthn:extension:minPinLength: true, webauthn:extension:prf: true, webauthn:virtualAuthenticators: true}
Session ID: fc0d89404be1bea016605a9472d6bde6
at org.openqa.selenium.remote.codec.w3c.W3CHttpResponseCodec.createException(W3CHttpResponseCodec.java:200)
at org.openqa.selenium.remote.codec.w3c.W3CHttpResponseCodec.decode(W3CHttpResponseCodec.java:133)
at org.openqa.selenium.remote.codec.w3c.W3CHttpResponseCodec.decode(W3CHttpResponseCodec.java:53)
at org.openqa.selenium.remote.HttpCommandExecutor.execute(HttpCommandExecutor.java:184)
at org.openqa.selenium.remote.service.DriverCommandExecutor.invokeExecute(DriverCommandExecutor.java:167)
at org.openqa.selenium.remote.service.DriverCommandExecutor.execute(DriverCommandExecutor.java:142)
at org.openqa.selenium.remote.RemoteWebDriver.execute(RemoteWebDriver.java:541)
at org.openqa.selenium.remote.ElementLocation$ElementFinder$2.findElement(ElementLocation.java:162)
at org.openqa.selenium.remote.ElementLocation.findElement(ElementLocation.java:60)
at org.openqa.selenium.remote.RemoteWebDriver.findElement(RemoteWebDriver.java:365)
at org.openqa.selenium.remote.RemoteWebDriver.findElement(RemoteWebDriver.java:357)
at OracleCloudPages.Scheduling.SearchProcessIDandValidation(Scheduling.java:1485)
at TestCases.TestRunCasesClass.TestCase06_ProcessIDValidation(TestRunCasesClass.java:405)
at java.base/java.util.ArrayList.forEach(ArrayList.java:1511)
... Removed 32 stack frames]]>
    </failure>
	</testcase> <!--
	TestCase06_ProcessIDValidation -->
	<testcase classname="TestCases.TestRunCasesClass"
		name="TestCases05_Create_Accounting" time="2.263">
		<skipped />
	</testcase> <!-- TestCases05_Create_Accounting -->
</testsuite> <!-- Test -->
