<?xml version="1.0" encoding="UTF-8"?>
<testng-results ignored="0" total="6" passed="0" failed="1" skipped="5">
	<reporter-output>
	</reporter-output>
	<suite started-at="2024-04-21T23:13:36 EDT" name="Suite"
		finished-at="2024-04-21T23:15:17 EDT" duration-ms="101270">
		<groups>
		</groups>
		<test started-at="2024-04-21T23:13:36 EDT" name="Test"
			finished-at="2024-04-21T23:15:17 EDT" duration-ms="101270">
			<class name="TestCases.TestRunCasesClass">
				<test-method is-config="true"
					signature="ExtentReportGeneration()[pri:0, instance:TestCases.TestRunCasesClass@5e5d171f]"
					started-at="2024-04-21T23:13:34 EDT"
					name="ExtentReportGeneration"
					finished-at="2024-04-21T23:13:36 EDT" duration-ms="2595"
					status="PASS">
					<reporter-output>
					</reporter-output>
				</test-method> <!--
				ExtentReportGeneration -->
				<test-method is-config="true"
					signature="setupRecorder()[pri:0, instance:TestCases.TestRunCasesClass@5e5d171f]"
					started-at="2024-04-21T23:13:37 EDT" name="setupRecorder"
					finished-at="2024-04-21T23:13:37 EDT" duration-ms="2"
					status="PASS">
					<reporter-output>
					</reporter-output>
				</test-method> <!--
				setupRecorder -->
				<test-method
					signature="TestCase01_Candela_EDI_850_Shipments_Pre_Validation_Report()[pri:0, instance:TestCases.TestRunCasesClass@5e5d171f]"
					started-at="2024-04-21T23:13:37 EDT"
					name="TestCase01_Candela_EDI_850_Shipments_Pre_Validation_Report"
					finished-at="2024-04-21T23:13:44 EDT" duration-ms="7562"
					status="SKIP">
					<exception class="org.testng.SkipException">
						<message>
              <![CDATA[Skipping this test case]]>
            </message>
						<full-stacktrace>
              <![CDATA[org.testng.SkipException: Skipping this test case
at TestCases.TestRunCasesClass.TestCase01_Candela_EDI_850_Shipments_Pre_Validation_Report(TestRunCasesClass.java:220)
at java.base/jdk.internal.reflect.NativeMethodAccessorImpl.invoke0(Native Method)
at java.base/jdk.internal.reflect.NativeMethodAccessorImpl.invoke(NativeMethodAccessorImpl.java:77)
at java.base/jdk.internal.reflect.DelegatingMethodAccessorImpl.invoke(DelegatingMethodAccessorImpl.java:43)
at java.base/java.lang.reflect.Method.invoke(Method.java:568)
at org.testng.internal.MethodInvocationHelper.invokeMethod(MethodInvocationHelper.java:133)
at org.testng.internal.TestInvoker.invokeMethod(TestInvoker.java:598)
at org.testng.internal.TestInvoker.invokeTestMethod(TestInvoker.java:173)
at org.testng.internal.MethodRunner.runInSequence(MethodRunner.java:46)
at org.testng.internal.TestInvoker$MethodInvocationAgent.invoke(TestInvoker.java:824)
at org.testng.internal.TestInvoker.invokeTestMethods(TestInvoker.java:146)
at org.testng.internal.TestMethodWorker.invokeTestMethods(TestMethodWorker.java:146)
at org.testng.internal.TestMethodWorker.run(TestMethodWorker.java:128)
at java.base/java.util.ArrayList.forEach(ArrayList.java:1511)
at org.testng.TestRunner.privateRun(TestRunner.java:794)
at org.testng.TestRunner.run(TestRunner.java:596)
at org.testng.SuiteRunner.runTest(SuiteRunner.java:377)
at org.testng.SuiteRunner.runSequentially(SuiteRunner.java:371)
at org.testng.SuiteRunner.privateRun(SuiteRunner.java:332)
at org.testng.SuiteRunner.run(SuiteRunner.java:276)
at org.testng.SuiteRunnerWorker.runSuite(SuiteRunnerWorker.java:53)
at org.testng.SuiteRunnerWorker.run(SuiteRunnerWorker.java:96)
at org.testng.TestNG.runSuitesSequentially(TestNG.java:1212)
at org.testng.TestNG.runSuitesLocally(TestNG.java:1134)
at org.testng.TestNG.runSuites(TestNG.java:1063)
at org.testng.TestNG.run(TestNG.java:1031)
at org.testng.remote.AbstractRemoteTestNG.run(AbstractRemoteTestNG.java:115)
at org.testng.remote.RemoteTestNG.initAndRun(RemoteTestNG.java:251)
at org.testng.remote.RemoteTestNG.main(RemoteTestNG.java:77)
]]>
            </full-stacktrace>
					</exception> <!--
					org.testng.SkipException -->
					<reporter-output>
					</reporter-output>
				</test-method> <!--
				TestCase01_Candela_EDI_850_Shipments_Pre_Validation_Report -->
				<test-method is-config="true"
					signature="afterMethod(org.testng.ITestResult)[pri:0, instance:TestCases.TestRunCasesClass@5e5d171f]"
					started-at="2024-04-21T23:13:44 EDT" name="afterMethod"
					finished-at="2024-04-21T23:13:44 EDT" duration-ms="47"
					status="PASS">
					<params>
						<param index="0">
							<value>
                <![CDATA[[TestResult name=TestCase01_Candela_EDI_850_Shipments_Pre_Validation_Report status=SKIP method=TestRunCasesClass.TestCase01_Candela_EDI_850_Shipments_Pre_Validation_Report()[pri:0, instance:TestCases.TestRunCasesClass@5e5d171f] output={null}]]]>
              </value>
						</param>
					</params>
					<reporter-output>
					</reporter-output>
				</test-method> <!--
				afterMethod -->
				<test-method is-config="true"
					signature="setupRecorder()[pri:0, instance:TestCases.TestRunCasesClass@5e5d171f]"
					started-at="2024-04-21T23:13:44 EDT" name="setupRecorder"
					finished-at="2024-04-21T23:13:44 EDT" duration-ms="3"
					status="PASS">
					<reporter-output>
					</reporter-output>
				</test-method> <!--
				setupRecorder -->
				<test-method
					signature="TestCase02_Collections_Scoring_and_Strategy_Assignment()[pri:0, instance:TestCases.TestRunCasesClass@5e5d171f]"
					started-at="2024-04-21T23:13:44 EDT"
					name="TestCase02_Collections_Scoring_and_Strategy_Assignment"
					finished-at="2024-04-21T23:13:45 EDT" duration-ms="1014"
					status="SKIP">
					<exception class="org.testng.SkipException">
						<message>
              <![CDATA[Skipping this test case]]>
            </message>
						<full-stacktrace>
              <![CDATA[org.testng.SkipException: Skipping this test case
at TestCases.TestRunCasesClass.TestCase02_Collections_Scoring_and_Strategy_Assignment(TestRunCasesClass.java:257)
at java.base/jdk.internal.reflect.NativeMethodAccessorImpl.invoke0(Native Method)
at java.base/jdk.internal.reflect.NativeMethodAccessorImpl.invoke(NativeMethodAccessorImpl.java:77)
at java.base/jdk.internal.reflect.DelegatingMethodAccessorImpl.invoke(DelegatingMethodAccessorImpl.java:43)
at java.base/java.lang.reflect.Method.invoke(Method.java:568)
at org.testng.internal.MethodInvocationHelper.invokeMethod(MethodInvocationHelper.java:133)
at org.testng.internal.TestInvoker.invokeMethod(TestInvoker.java:598)
at org.testng.internal.TestInvoker.invokeTestMethod(TestInvoker.java:173)
at org.testng.internal.MethodRunner.runInSequence(MethodRunner.java:46)
at org.testng.internal.TestInvoker$MethodInvocationAgent.invoke(TestInvoker.java:824)
at org.testng.internal.TestInvoker.invokeTestMethods(TestInvoker.java:146)
at org.testng.internal.TestMethodWorker.invokeTestMethods(TestMethodWorker.java:146)
at org.testng.internal.TestMethodWorker.run(TestMethodWorker.java:128)
at java.base/java.util.ArrayList.forEach(ArrayList.java:1511)
at org.testng.TestRunner.privateRun(TestRunner.java:794)
at org.testng.TestRunner.run(TestRunner.java:596)
at org.testng.SuiteRunner.runTest(SuiteRunner.java:377)
at org.testng.SuiteRunner.runSequentially(SuiteRunner.java:371)
at org.testng.SuiteRunner.privateRun(SuiteRunner.java:332)
at org.testng.SuiteRunner.run(SuiteRunner.java:276)
at org.testng.SuiteRunnerWorker.runSuite(SuiteRunnerWorker.java:53)
at org.testng.SuiteRunnerWorker.run(SuiteRunnerWorker.java:96)
at org.testng.TestNG.runSuitesSequentially(TestNG.java:1212)
at org.testng.TestNG.runSuitesLocally(TestNG.java:1134)
at org.testng.TestNG.runSuites(TestNG.java:1063)
at org.testng.TestNG.run(TestNG.java:1031)
at org.testng.remote.AbstractRemoteTestNG.run(AbstractRemoteTestNG.java:115)
at org.testng.remote.RemoteTestNG.initAndRun(RemoteTestNG.java:251)
at org.testng.remote.RemoteTestNG.main(RemoteTestNG.java:77)
]]>
            </full-stacktrace>
					</exception> <!--
					org.testng.SkipException -->
					<reporter-output>
					</reporter-output>
				</test-method> <!--
				TestCase02_Collections_Scoring_and_Strategy_Assignment -->
				<test-method is-config="true"
					signature="afterMethod(org.testng.ITestResult)[pri:0, instance:TestCases.TestRunCasesClass@5e5d171f]"
					started-at="2024-04-21T23:13:45 EDT" name="afterMethod"
					finished-at="2024-04-21T23:13:45 EDT" duration-ms="3"
					status="PASS">
					<params>
						<param index="0">
							<value>
                <![CDATA[[TestResult name=TestCase02_Collections_Scoring_and_Strategy_Assignment status=SKIP method=TestRunCasesClass.TestCase02_Collections_Scoring_and_Strategy_Assignment()[pri:0, instance:TestCases.TestRunCasesClass@5e5d171f] output={null}]]]>
              </value>
						</param>
					</params>
					<reporter-output>
					</reporter-output>
				</test-method> <!--
				afterMethod -->
				<test-method is-config="true"
					signature="setupRecorder()[pri:0, instance:TestCases.TestRunCasesClass@5e5d171f]"
					started-at="2024-04-21T23:13:45 EDT" name="setupRecorder"
					finished-at="2024-04-21T23:13:45 EDT" duration-ms="5"
					status="PASS">
					<reporter-output>
					</reporter-output>
				</test-method> <!--
				setupRecorder -->
				<test-method
					signature="TestCase03_Collections_Delinquency_Management()[pri:0, instance:TestCases.TestRunCasesClass@5e5d171f]"
					started-at="2024-04-21T23:13:45 EDT"
					name="TestCase03_Collections_Delinquency_Management"
					finished-at="2024-04-21T23:13:46 EDT" duration-ms="760"
					status="SKIP">
					<exception class="org.testng.SkipException">
						<message>
              <![CDATA[Skipping this test case]]>
            </message>
						<full-stacktrace>
              <![CDATA[org.testng.SkipException: Skipping this test case
at TestCases.TestRunCasesClass.TestCase03_Collections_Delinquency_Management(TestRunCasesClass.java:294)
at java.base/jdk.internal.reflect.NativeMethodAccessorImpl.invoke0(Native Method)
at java.base/jdk.internal.reflect.NativeMethodAccessorImpl.invoke(NativeMethodAccessorImpl.java:77)
at java.base/jdk.internal.reflect.DelegatingMethodAccessorImpl.invoke(DelegatingMethodAccessorImpl.java:43)
at java.base/java.lang.reflect.Method.invoke(Method.java:568)
at org.testng.internal.MethodInvocationHelper.invokeMethod(MethodInvocationHelper.java:133)
at org.testng.internal.TestInvoker.invokeMethod(TestInvoker.java:598)
at org.testng.internal.TestInvoker.invokeTestMethod(TestInvoker.java:173)
at org.testng.internal.MethodRunner.runInSequence(MethodRunner.java:46)
at org.testng.internal.TestInvoker$MethodInvocationAgent.invoke(TestInvoker.java:824)
at org.testng.internal.TestInvoker.invokeTestMethods(TestInvoker.java:146)
at org.testng.internal.TestMethodWorker.invokeTestMethods(TestMethodWorker.java:146)
at org.testng.internal.TestMethodWorker.run(TestMethodWorker.java:128)
at java.base/java.util.ArrayList.forEach(ArrayList.java:1511)
at org.testng.TestRunner.privateRun(TestRunner.java:794)
at org.testng.TestRunner.run(TestRunner.java:596)
at org.testng.SuiteRunner.runTest(SuiteRunner.java:377)
at org.testng.SuiteRunner.runSequentially(SuiteRunner.java:371)
at org.testng.SuiteRunner.privateRun(SuiteRunner.java:332)
at org.testng.SuiteRunner.run(SuiteRunner.java:276)
at org.testng.SuiteRunnerWorker.runSuite(SuiteRunnerWorker.java:53)
at org.testng.SuiteRunnerWorker.run(SuiteRunnerWorker.java:96)
at org.testng.TestNG.runSuitesSequentially(TestNG.java:1212)
at org.testng.TestNG.runSuitesLocally(TestNG.java:1134)
at org.testng.TestNG.runSuites(TestNG.java:1063)
at org.testng.TestNG.run(TestNG.java:1031)
at org.testng.remote.AbstractRemoteTestNG.run(AbstractRemoteTestNG.java:115)
at org.testng.remote.RemoteTestNG.initAndRun(RemoteTestNG.java:251)
at org.testng.remote.RemoteTestNG.main(RemoteTestNG.java:77)
]]>
            </full-stacktrace>
					</exception> <!--
					org.testng.SkipException -->
					<reporter-output>
					</reporter-output>
				</test-method> <!--
				TestCase03_Collections_Delinquency_Management -->
				<test-method is-config="true"
					signature="afterMethod(org.testng.ITestResult)[pri:0, instance:TestCases.TestRunCasesClass@5e5d171f]"
					started-at="2024-04-21T23:13:46 EDT" name="afterMethod"
					finished-at="2024-04-21T23:13:46 EDT" duration-ms="4"
					status="PASS">
					<params>
						<param index="0">
							<value>
                <![CDATA[[TestResult name=TestCase03_Collections_Delinquency_Management status=SKIP method=TestRunCasesClass.TestCase03_Collections_Delinquency_Management()[pri:0, instance:TestCases.TestRunCasesClass@5e5d171f] output={null}]]]>
              </value>
						</param>
					</params>
					<reporter-output>
					</reporter-output>
				</test-method> <!--
				afterMethod -->
				<test-method is-config="true"
					signature="setupRecorder()[pri:0, instance:TestCases.TestRunCasesClass@5e5d171f]"
					started-at="2024-04-21T23:13:46 EDT" name="setupRecorder"
					finished-at="2024-04-21T23:13:46 EDT" duration-ms="1"
					status="PASS">
					<reporter-output>
					</reporter-output>
				</test-method> <!--
				setupRecorder -->
				<test-method
					signature="TestCase04_Create_Receivables_Accounting()[pri:0, instance:TestCases.TestRunCasesClass@5e5d171f]"
					started-at="2024-04-21T23:13:46 EDT"
					name="TestCase04_Create_Receivables_Accounting"
					finished-at="2024-04-21T23:13:49 EDT" duration-ms="3288"
					status="SKIP">
					<exception class="org.testng.SkipException">
						<message>
              <![CDATA[Skipping this test case]]>
            </message>
						<full-stacktrace>
              <![CDATA[org.testng.SkipException: Skipping this test case
at TestCases.TestRunCasesClass.TestCase04_Create_Receivables_Accounting(TestRunCasesClass.java:331)
at java.base/jdk.internal.reflect.NativeMethodAccessorImpl.invoke0(Native Method)
at java.base/jdk.internal.reflect.NativeMethodAccessorImpl.invoke(NativeMethodAccessorImpl.java:77)
at java.base/jdk.internal.reflect.DelegatingMethodAccessorImpl.invoke(DelegatingMethodAccessorImpl.java:43)
at java.base/java.lang.reflect.Method.invoke(Method.java:568)
at org.testng.internal.MethodInvocationHelper.invokeMethod(MethodInvocationHelper.java:133)
at org.testng.internal.TestInvoker.invokeMethod(TestInvoker.java:598)
at org.testng.internal.TestInvoker.invokeTestMethod(TestInvoker.java:173)
at org.testng.internal.MethodRunner.runInSequence(MethodRunner.java:46)
at org.testng.internal.TestInvoker$MethodInvocationAgent.invoke(TestInvoker.java:824)
at org.testng.internal.TestInvoker.invokeTestMethods(TestInvoker.java:146)
at org.testng.internal.TestMethodWorker.invokeTestMethods(TestMethodWorker.java:146)
at org.testng.internal.TestMethodWorker.run(TestMethodWorker.java:128)
at java.base/java.util.ArrayList.forEach(ArrayList.java:1511)
at org.testng.TestRunner.privateRun(TestRunner.java:794)
at org.testng.TestRunner.run(TestRunner.java:596)
at org.testng.SuiteRunner.runTest(SuiteRunner.java:377)
at org.testng.SuiteRunner.runSequentially(SuiteRunner.java:371)
at org.testng.SuiteRunner.privateRun(SuiteRunner.java:332)
at org.testng.SuiteRunner.run(SuiteRunner.java:276)
at org.testng.SuiteRunnerWorker.runSuite(SuiteRunnerWorker.java:53)
at org.testng.SuiteRunnerWorker.run(SuiteRunnerWorker.java:96)
at org.testng.TestNG.runSuitesSequentially(TestNG.java:1212)
at org.testng.TestNG.runSuitesLocally(TestNG.java:1134)
at org.testng.TestNG.runSuites(TestNG.java:1063)
at org.testng.TestNG.run(TestNG.java:1031)
at org.testng.remote.AbstractRemoteTestNG.run(AbstractRemoteTestNG.java:115)
at org.testng.remote.RemoteTestNG.initAndRun(RemoteTestNG.java:251)
at org.testng.remote.RemoteTestNG.main(RemoteTestNG.java:77)
]]>
            </full-stacktrace>
					</exception> <!--
					org.testng.SkipException -->
					<reporter-output>
					</reporter-output>
				</test-method> <!--
				TestCase04_Create_Receivables_Accounting -->
				<test-method is-config="true"
					signature="afterMethod(org.testng.ITestResult)[pri:0, instance:TestCases.TestRunCasesClass@5e5d171f]"
					started-at="2024-04-21T23:13:49 EDT" name="afterMethod"
					finished-at="2024-04-21T23:13:49 EDT" duration-ms="4"
					status="PASS">
					<params>
						<param index="0">
							<value>
                <![CDATA[[TestResult name=TestCase04_Create_Receivables_Accounting status=SKIP method=TestRunCasesClass.TestCase04_Create_Receivables_Accounting()[pri:0, instance:TestCases.TestRunCasesClass@5e5d171f] output={null}]]]>
              </value>
						</param>
					</params>
					<reporter-output>
					</reporter-output>
				</test-method> <!--
				afterMethod -->
				<test-method is-config="true"
					signature="setupRecorder()[pri:0, instance:TestCases.TestRunCasesClass@5e5d171f]"
					started-at="2024-04-21T23:13:49 EDT" name="setupRecorder"
					finished-at="2024-04-21T23:13:49 EDT" duration-ms="2"
					status="PASS">
					<reporter-output>
					</reporter-output>
				</test-method> <!--
				setupRecorder -->
				<test-method
					signature="TestCase06_ProcessIDValidation()[pri:0, instance:TestCases.TestRunCasesClass@5e5d171f]"
					started-at="2024-04-21T23:13:49 EDT"
					name="TestCase06_ProcessIDValidation"
					finished-at="2024-04-21T23:15:11 EDT" duration-ms="81874"
					status="FAIL">
					<exception
						class="org.openqa.selenium.NoSuchElementException">
						<message>
              <![CDATA[no such element: Unable to locate element: {"method":"xpath","selector":"//span[text()='Candela EDI 850 Shipments Pre-Validation Report']"}
  (Session info: chrome=123.0.6312.123)
For documentation on this error, please visit: https://selenium.dev/exceptions/#no_such_element
Build info: version: '4.6.0', revision: '79f1c02ae20'
System info: os.name: 'Windows 11', os.arch: 'amd64', os.version: '10.0', java.version: '17.0.9'
Driver info: org.openqa.selenium.chrome.ChromeDriver
Command: [fc0d89404be1bea016605a9472d6bde6, findElement {using=xpath, value=//span[text()='Candela EDI 850 Shipments Pre-Validation Report']}]
Capabilities {acceptInsecureCerts: false, browserName: chrome, browserVersion: 123.0.6312.123, chrome: {chromedriverVersion: 123.0.6312.122 (31f8248cdd9..., userDataDir: C:\Users\swaru\AppData\Loca...}, fedcm:accounts: true, goog:chromeOptions: {debuggerAddress: localhost:61520}, networkConnectionEnabled: false, pageLoadStrategy: normal, platformName: WINDOWS, proxy: Proxy(), se:cdp: ws://localhost:61520/devtoo..., se:cdpVersion: 123.0.6312.123, setWindowRect: true, strictFileInteractability: false, timeouts: {implicit: 0, pageLoad: 300000, script: 30000}, unhandledPromptBehavior: dismiss and notify, webauthn:extension:credBlob: true, webauthn:extension:largeBlob: true, webauthn:extension:minPinLength: true, webauthn:extension:prf: true, webauthn:virtualAuthenticators: true}
Session ID: fc0d89404be1bea016605a9472d6bde6]]>
            </message>
						<full-stacktrace>
              <![CDATA[org.openqa.selenium.NoSuchElementException: no such element: Unable to locate element: {"method":"xpath","selector":"//span[text()='Candela EDI 850 Shipments Pre-Validation Report']"}
  (Session info: chrome=123.0.6312.123)
For documentation on this error, please visit: https://selenium.dev/exceptions/#no_such_element
Build info: version: '4.6.0', revision: '79f1c02ae20'
System info: os.name: 'Windows 11', os.arch: 'amd64', os.version: '10.0', java.version: '17.0.9'
Driver info: org.openqa.selenium.chrome.ChromeDriver
Command: [fc0d89404be1bea016605a9472d6bde6, findElement {using=xpath, value=//span[text()='Candela EDI 850 Shipments Pre-Validation Report']}]
Capabilities {acceptInsecureCerts: false, browserName: chrome, browserVersion: 123.0.6312.123, chrome: {chromedriverVersion: 123.0.6312.122 (31f8248cdd9..., userDataDir: C:\Users\swaru\AppData\Loca...}, fedcm:accounts: true, goog:chromeOptions: {debuggerAddress: localhost:61520}, networkConnectionEnabled: false, pageLoadStrategy: normal, platformName: WINDOWS, proxy: Proxy(), se:cdp: ws://localhost:61520/devtoo..., se:cdpVersion: 123.0.6312.123, setWindowRect: true, strictFileInteractability: false, timeouts: {implicit: 0, pageLoad: 300000, script: 30000}, unhandledPromptBehavior: dismiss and notify, webauthn:extension:credBlob: true, webauthn:extension:largeBlob: true, webauthn:extension:minPinLength: true, webauthn:extension:prf: true, webauthn:virtualAuthenticators: true}
Session ID: fc0d89404be1bea016605a9472d6bde6
at java.base/jdk.internal.reflect.NativeConstructorAccessorImpl.newInstance0(Native Method)
at java.base/jdk.internal.reflect.NativeConstructorAccessorImpl.newInstance(NativeConstructorAccessorImpl.java:77)
at java.base/jdk.internal.reflect.DelegatingConstructorAccessorImpl.newInstance(DelegatingConstructorAccessorImpl.java:45)
at java.base/java.lang.reflect.Constructor.newInstanceWithCaller(Constructor.java:499)
at java.base/java.lang.reflect.Constructor.newInstance(Constructor.java:480)
at org.openqa.selenium.remote.codec.w3c.W3CHttpResponseCodec.createException(W3CHttpResponseCodec.java:200)
at org.openqa.selenium.remote.codec.w3c.W3CHttpResponseCodec.decode(W3CHttpResponseCodec.java:133)
at org.openqa.selenium.remote.codec.w3c.W3CHttpResponseCodec.decode(W3CHttpResponseCodec.java:53)
at org.openqa.selenium.remote.HttpCommandExecutor.execute(HttpCommandExecutor.java:184)
at org.openqa.selenium.remote.service.DriverCommandExecutor.invokeExecute(DriverCommandExecutor.java:167)
at org.openqa.selenium.remote.service.DriverCommandExecutor.execute(DriverCommandExecutor.java:142)
at org.openqa.selenium.remote.RemoteWebDriver.execute(RemoteWebDriver.java:541)
at org.openqa.selenium.remote.ElementLocation$ElementFinder$2.findElement(ElementLocation.java:162)
at org.openqa.selenium.remote.ElementLocation.findElement(ElementLocation.java:60)
at org.openqa.selenium.remote.RemoteWebDriver.findElement(RemoteWebDriver.java:365)
at org.openqa.selenium.remote.RemoteWebDriver.findElement(RemoteWebDriver.java:357)
at OracleCloudPages.Scheduling.SearchProcessIDandValidation(Scheduling.java:1485)
at TestCases.TestRunCasesClass.TestCase06_ProcessIDValidation(TestRunCasesClass.java:405)
at java.base/jdk.internal.reflect.NativeMethodAccessorImpl.invoke0(Native Method)
at java.base/jdk.internal.reflect.NativeMethodAccessorImpl.invoke(NativeMethodAccessorImpl.java:77)
at java.base/jdk.internal.reflect.DelegatingMethodAccessorImpl.invoke(DelegatingMethodAccessorImpl.java:43)
at java.base/java.lang.reflect.Method.invoke(Method.java:568)
at org.testng.internal.MethodInvocationHelper.invokeMethod(MethodInvocationHelper.java:133)
at org.testng.internal.TestInvoker.invokeMethod(TestInvoker.java:598)
at org.testng.internal.TestInvoker.invokeTestMethod(TestInvoker.java:173)
at org.testng.internal.MethodRunner.runInSequence(MethodRunner.java:46)
at org.testng.internal.TestInvoker$MethodInvocationAgent.invoke(TestInvoker.java:824)
at org.testng.internal.TestInvoker.invokeTestMethods(TestInvoker.java:146)
at org.testng.internal.TestMethodWorker.invokeTestMethods(TestMethodWorker.java:146)
at org.testng.internal.TestMethodWorker.run(TestMethodWorker.java:128)
at java.base/java.util.ArrayList.forEach(ArrayList.java:1511)
at org.testng.TestRunner.privateRun(TestRunner.java:794)
at org.testng.TestRunner.run(TestRunner.java:596)
at org.testng.SuiteRunner.runTest(SuiteRunner.java:377)
at org.testng.SuiteRunner.runSequentially(SuiteRunner.java:371)
at org.testng.SuiteRunner.privateRun(SuiteRunner.java:332)
at org.testng.SuiteRunner.run(SuiteRunner.java:276)
at org.testng.SuiteRunnerWorker.runSuite(SuiteRunnerWorker.java:53)
at org.testng.SuiteRunnerWorker.run(SuiteRunnerWorker.java:96)
at org.testng.TestNG.runSuitesSequentially(TestNG.java:1212)
at org.testng.TestNG.runSuitesLocally(TestNG.java:1134)
at org.testng.TestNG.runSuites(TestNG.java:1063)
at org.testng.TestNG.run(TestNG.java:1031)
at org.testng.remote.AbstractRemoteTestNG.run(AbstractRemoteTestNG.java:115)
at org.testng.remote.RemoteTestNG.initAndRun(RemoteTestNG.java:251)
at org.testng.remote.RemoteTestNG.main(RemoteTestNG.java:77)
]]>
            </full-stacktrace>
					</exception> <!--
					org.openqa.selenium.NoSuchElementException -->
					<reporter-output>
					</reporter-output>
				</test-method> <!--
				TestCase06_ProcessIDValidation -->
				<test-method is-config="true"
					signature="afterMethod(org.testng.ITestResult)[pri:0, instance:TestCases.TestRunCasesClass@5e5d171f]"
					started-at="2024-04-21T23:15:11 EDT" name="afterMethod"
					finished-at="2024-04-21T23:15:14 EDT" duration-ms="3117"
					status="PASS">
					<params>
						<param index="0">
							<value>
                <![CDATA[[TestResult name=TestCase06_ProcessIDValidation status=FAILURE method=TestRunCasesClass.TestCase06_ProcessIDValidation()[pri:0, instance:TestCases.TestRunCasesClass@5e5d171f] output={null}]]]>
              </value>
						</param>
					</params>
					<reporter-output>
					</reporter-output>
				</test-method> <!--
				afterMethod -->
				<test-method is-config="true"
					signature="setupRecorder()[pri:0, instance:TestCases.TestRunCasesClass@5e5d171f]"
					started-at="2024-04-21T23:15:15 EDT" name="setupRecorder"
					finished-at="2024-04-21T23:15:15 EDT" duration-ms="8"
					status="PASS">
					<reporter-output>
					</reporter-output>
				</test-method> <!--
				setupRecorder -->
				<test-method
					signature="TestCases05_Create_Accounting()[pri:0, instance:TestCases.TestRunCasesClass@5e5d171f]"
					started-at="2024-04-21T23:15:15 EDT"
					name="TestCases05_Create_Accounting"
					finished-at="2024-04-21T23:15:17 EDT" duration-ms="2263"
					status="SKIP">
					<exception class="org.testng.SkipException">
						<message>
              <![CDATA[Skipping this test case]]>
            </message>
						<full-stacktrace>
              <![CDATA[org.testng.SkipException: Skipping this test case
at TestCases.TestRunCasesClass.TestCases05_Create_Accounting(TestRunCasesClass.java:368)
at java.base/jdk.internal.reflect.NativeMethodAccessorImpl.invoke0(Native Method)
at java.base/jdk.internal.reflect.NativeMethodAccessorImpl.invoke(NativeMethodAccessorImpl.java:77)
at java.base/jdk.internal.reflect.DelegatingMethodAccessorImpl.invoke(DelegatingMethodAccessorImpl.java:43)
at java.base/java.lang.reflect.Method.invoke(Method.java:568)
at org.testng.internal.MethodInvocationHelper.invokeMethod(MethodInvocationHelper.java:133)
at org.testng.internal.TestInvoker.invokeMethod(TestInvoker.java:598)
at org.testng.internal.TestInvoker.invokeTestMethod(TestInvoker.java:173)
at org.testng.internal.MethodRunner.runInSequence(MethodRunner.java:46)
at org.testng.internal.TestInvoker$MethodInvocationAgent.invoke(TestInvoker.java:824)
at org.testng.internal.TestInvoker.invokeTestMethods(TestInvoker.java:146)
at org.testng.internal.TestMethodWorker.invokeTestMethods(TestMethodWorker.java:146)
at org.testng.internal.TestMethodWorker.run(TestMethodWorker.java:128)
at java.base/java.util.ArrayList.forEach(ArrayList.java:1511)
at org.testng.TestRunner.privateRun(TestRunner.java:794)
at org.testng.TestRunner.run(TestRunner.java:596)
at org.testng.SuiteRunner.runTest(SuiteRunner.java:377)
at org.testng.SuiteRunner.runSequentially(SuiteRunner.java:371)
at org.testng.SuiteRunner.privateRun(SuiteRunner.java:332)
at org.testng.SuiteRunner.run(SuiteRunner.java:276)
at org.testng.SuiteRunnerWorker.runSuite(SuiteRunnerWorker.java:53)
at org.testng.SuiteRunnerWorker.run(SuiteRunnerWorker.java:96)
at org.testng.TestNG.runSuitesSequentially(TestNG.java:1212)
at org.testng.TestNG.runSuitesLocally(TestNG.java:1134)
at org.testng.TestNG.runSuites(TestNG.java:1063)
at org.testng.TestNG.run(TestNG.java:1031)
at org.testng.remote.AbstractRemoteTestNG.run(AbstractRemoteTestNG.java:115)
at org.testng.remote.RemoteTestNG.initAndRun(RemoteTestNG.java:251)
at org.testng.remote.RemoteTestNG.main(RemoteTestNG.java:77)
]]>
            </full-stacktrace>
					</exception> <!--
					org.testng.SkipException -->
					<reporter-output>
					</reporter-output>
				</test-method> <!--
				TestCases05_Create_Accounting -->
				<test-method is-config="true"
					signature="afterMethod(org.testng.ITestResult)[pri:0, instance:TestCases.TestRunCasesClass@5e5d171f]"
					started-at="2024-04-21T23:15:17 EDT" name="afterMethod"
					finished-at="2024-04-21T23:15:17 EDT" duration-ms="29"
					status="PASS">
					<params>
						<param index="0">
							<value>
                <![CDATA[[TestResult name=TestCases05_Create_Accounting status=SKIP method=TestRunCasesClass.TestCases05_Create_Accounting()[pri:0, instance:TestCases.TestRunCasesClass@5e5d171f] output={null}]]]>
              </value>
						</param>
					</params>
					<reporter-output>
					</reporter-output>
				</test-method> <!--
				afterMethod -->
				<test-method is-config="true"
					signature="stopRecording()[pri:0, instance:TestCases.TestRunCasesClass@5e5d171f]"
					started-at="2024-04-21T23:15:17 EDT" name="stopRecording"
					finished-at="2024-04-21T23:15:17 EDT" duration-ms="14"
					status="PASS">
					<reporter-output>
					</reporter-output>
				</test-method> <!--
				stopRecording -->
				<test-method is-config="true"
					signature="endReport()[pri:0, instance:TestCases.TestRunCasesClass@5e5d171f]"
					started-at="2024-04-21T23:15:19 EDT" name="endReport"
					finished-at="2024-04-21T23:15:36 EDT" duration-ms="17109"
					status="PASS">
					<reporter-output>
					</reporter-output>
				</test-method> <!--
				endReport -->
			</class> <!--
			TestCases.TestRunCasesClass -->
		</test> <!--
		Test -->
	</suite> <!--
	Suite -->
</testng-results>
